[INFO    ] 17:23:33 configmanager:70 Setting config directory to: /config
[INFO    ] 17:23:33 daemon:127 Deluge daemon 1.3.15
[INFO    ] 17:23:33 configmanager:70 Setting config directory to: /config
[INFO    ] 17:23:34 core:87 Starting libtorrent 1.0.11.0 session..
[INFO    ] 17:23:34 rpcserver:369 Starting DelugeRPC server localhost:58846
[WARNING ] 17:23:34 preferencesmanager:530 Unable to find GeoIP database file!
[INFO    ] 17:23:34 torrentmanager:651 Successfully loaded state file: /config/state/torrents.state
[INFO    ] 17:24:50 rpcserver:206 Deluge Client connection made from: 127.0.0.1:53672
[INFO    ] 17:24:50 rpcserver:206 Deluge Client connection made from: 127.0.0.1:53674
[INFO    ] 17:24:50 rpcserver:226 Deluge client disconnected: Connection to the other side was lost in a non-clean fashion: Connection lost.
[INFO    ] 17:24:50 rpcserver:226 Deluge client disconnected: Connection to the other side was lost in a non-clean fashion: Connection lost.
[INFO    ] 17:24:52 rpcserver:206 Deluge Client connection made from: 127.0.0.1:53680
[INFO    ] 17:24:52 rpcserver:226 Deluge client disconnected: Connection to the other side was lost in a non-clean fashion: Connection lost.
[INFO    ] 17:24:54 rpcserver:206 Deluge Client connection made from: 127.0.0.1:53684
[INFO    ] 17:24:54 rpcserver:226 Deluge client disconnected: Connection to the other side was lost in a non-clean fashion: Connection lost.
[INFO    ] 17:24:56 rpcserver:206 Deluge Client connection made from: 127.0.0.1:53690
[INFO    ] 17:24:56 rpcserver:226 Deluge client disconnected: Connection to the other side was lost in a non-clean fashion: Connection lost.
[INFO    ] 17:24:56 rpcserver:206 Deluge Client connection made from: 127.0.0.1:53694
[INFO    ] 17:25:02 core:97 *** Start Label plugin ***
[WARNING ] 17:25:02 config:364 Unable to open config file /config/label.conf: [Errno 2] No such file or directory: '/config/label.conf'
[INFO    ] 17:25:02 pluginmanagerbase:158 Plugin Label enabled..
[INFO    ] 17:26:54 torrentmanager:737 Saving the state at: /config/state/torrents.state
[WARNING ] 17:27:12 config:423 Unable to open config file: /config/label.conf because: [Errno 2] No such file or directory: '/config/label.conf'
[WARNING ] 17:27:12 config:443 Unable to backup old config...
[WARNING ] 17:28:22 config:364 Unable to open config file /config/autoremoveplus.conf: [Errno 2] No such file or directory: '/config/autoremoveplus.conf'
[WARNING ] 17:28:22 config:364 Unable to open config file /config/autoremoveplusstates.conf: [Errno 2] No such file or directory: '/config/autoremoveplusstates.conf'
[WARNING ] 17:28:22 config:423 Unable to open config file: /config/autoremoveplus.conf because: [Errno 2] No such file or directory: '/config/autoremoveplus.conf'
[WARNING ] 17:28:22 config:443 Unable to backup old config...
[WARNING ] 17:28:22 config:423 Unable to open config file: /config/autoremoveplusstates.conf because: [Errno 2] No such file or directory: '/config/autoremoveplusstates.conf'
[WARNING ] 17:28:22 config:443 Unable to backup old config...
[INFO    ] 17:28:22 pluginmanagerbase:158 Plugin AutoRemovePlus enabled..
[WARNING ] 17:28:27 core:131 check interval loop starting
[INFO    ] 17:30:04 daemon:196 Waiting for components to shutdown..
[INFO    ] 17:30:04 torrentmanager:737 Saving the state at: /config/state/torrents.state
[INFO    ] 17:30:04 pluginmanagerbase:170 Plugin AutoRemovePlus disabled..
[INFO    ] 17:30:04 pluginmanagerbase:170 Plugin Label disabled..
[INFO    ] 17:30:04 rpcserver:226 Deluge client disconnected: Connection to the other side was lost in a non-clean fashion: Connection lost.
[INFO    ] 17:30:04 daemon:196 Waiting for components to shutdown..
